  CommWork.cpp
d:\projects\robotexp4_mon\robotexp_4\commwork.cpp(61): warning C4244: '=': 'double'에서 'int'(으)로 변환하면서 데이터가 손실될 수 있습니다.
d:\projects\robotexp4_mon\robotexp_4\commwork.cpp(62): warning C4244: '=': 'double'에서 'int'(으)로 변환하면서 데이터가 손실될 수 있습니다.
d:\projects\robotexp4_mon\robotexp_4\commwork.cpp(63): warning C4244: '=': 'double'에서 'int'(으)로 변환하면서 데이터가 손실될 수 있습니다.
d:\projects\robotexp4_mon\robotexp_4\commwork.cpp(67): warning C4244: '=': 'double'에서 'int'(으)로 변환하면서 데이터가 손실될 수 있습니다.
d:\projects\robotexp4_mon\robotexp_4\commwork.cpp(68): warning C4244: '=': 'double'에서 'int'(으)로 변환하면서 데이터가 손실될 수 있습니다.
d:\projects\robotexp4_mon\robotexp_4\commwork.cpp(69): warning C4244: '=': 'double'에서 'int'(으)로 변환하면서 데이터가 손실될 수 있습니다.
d:\projects\robotexp4_mon\robotexp_4\commwork.cpp(70): warning C4244: '=': 'double'에서 'int'(으)로 변환하면서 데이터가 손실될 수 있습니다.
d:\projects\robotexp4_mon\robotexp_4\commwork.cpp(71): warning C4244: '=': 'double'에서 'int'(으)로 변환하면서 데이터가 손실될 수 있습니다.
d:\projects\robotexp4_mon\robotexp_4\commwork.cpp(72): warning C4244: '=': 'double'에서 'int'(으)로 변환하면서 데이터가 손실될 수 있습니다.
  GraphDlg.cpp
  ODE.cpp
d:\projects\robotexp4_mon\ode-0.13\include\ode\threading.h : warning C4819: 현재 코드 페이지(949)에서 표시할 수 없는 문자가 파일에 들어 있습니다. 데이터가 손실되지 않게 하려면 해당 파일을 유니코드 형식으로 저장하십시오.
d:\projects\robotexp4_mon\robotexp_4\ode.cpp(84): warning C4305: '초기화 중': 'double'에서 'float'(으)로 잘립니다.
d:\projects\robotexp4_mon\robotexp_4\ode.cpp(90): warning C4101: 'i' :참조되지 않은 지역 변수입니다.
  RobotExp_4.cpp
d:\projects\robotexp4_mon\robotexp_4\robotexp_4.cpp(86): warning C4566: 유니버설 문자 이름 '\uFFFD'(으)로 표현되는 문자는 현재 코드 페이지(949)에서 표현할 수 없습니다.
d:\projects\robotexp4_mon\robotexp_4\robotexp_4.cpp(86): warning C4566: 유니버설 문자 이름 '\u05F7'(으)로 표현되는 문자는 현재 코드 페이지(949)에서 표현할 수 없습니다.
d:\projects\robotexp4_mon\robotexp_4\robotexp_4.cpp(116): warning C4566: 유니버설 문자 이름 '\uFFFD'(으)로 표현되는 문자는 현재 코드 페이지(949)에서 표현할 수 없습니다.
d:\projects\robotexp4_mon\robotexp_4\robotexp_4.cpp(116): warning C4566: 유니버설 문자 이름 '\u022D'(으)로 표현되는 문자는 현재 코드 페이지(949)에서 표현할 수 없습니다.
d:\projects\robotexp4_mon\robotexp_4\robotexp_4.cpp(116): warning C4566: 유니버설 문자 이름 '\u06B8'(으)로 표현되는 문자는 현재 코드 페이지(949)에서 표현할 수 없습니다.
d:\projects\robotexp4_mon\robotexp_4\robotexp_4.cpp(116): warning C4566: 유니버설 문자 이름 '\u01F7'(으)로 표현되는 문자는 현재 코드 페이지(949)에서 표현할 수 없습니다.
d:\projects\robotexp4_mon\robotexp_4\robotexp_4.cpp(116): warning C4566: 유니버설 문자 이름 '\u05F7'(으)로 표현되는 문자는 현재 코드 페이지(949)에서 표현할 수 없습니다.
d:\projects\robotexp4_mon\robotexp_4\robotexp_4.cpp(116): warning C4566: 유니버설 문자 이름 '\u0121'(으)로 표현되는 문자는 현재 코드 페이지(949)에서 표현할 수 없습니다.
d:\projects\robotexp4_mon\robotexp_4\robotexp_4.cpp(116): warning C4566: 유니버설 문자 이름 '\u02B0'(으)로 표현되는 문자는 현재 코드 페이지(949)에서 표현할 수 없습니다.
d:\projects\robotexp4_mon\robotexp_4\robotexp_4.cpp(116): warning C4566: 유니버설 문자 이름 '\u02F4'(으)로 표현되는 문자는 현재 코드 페이지(949)에서 표현할 수 없습니다.
d:\projects\robotexp4_mon\robotexp_4\robotexp_4.cpp(116): warning C4566: 유니버설 문자 이름 '\u03F4'(으)로 표현되는 문자는 현재 코드 페이지(949)에서 표현할 수 없습니다.
d:\projects\robotexp4_mon\robotexp_4\robotexp_4.cpp(117): warning C4566: 유니버설 문자 이름 '\uFFFD'(으)로 표현되는 문자는 현재 코드 페이지(949)에서 표현할 수 없습니다.
d:\projects\robotexp4_mon\robotexp_4\robotexp_4.cpp(117): warning C4566: 유니버설 문자 이름 '\u022D'(으)로 표현되는 문자는 현재 코드 페이지(949)에서 표현할 수 없습니다.
d:\projects\robotexp4_mon\robotexp_4\robotexp_4.cpp(117): warning C4566: 유니버설 문자 이름 '\u06BF'(으)로 표현되는 문자는 현재 코드 페이지(949)에서 표현할 수 없습니다.
d:\projects\robotexp4_mon\robotexp_4\robotexp_4.cpp(117): warning C4566: 유니버설 문자 이름 '\u01AE'(으)로 표현되는 문자는 현재 코드 페이지(949)에서 표현할 수 없습니다.
d:\projects\robotexp4_mon\robotexp_4\robotexp_4.cpp(117): warning C4566: 유니버설 문자 이름 '\u03F4'(으)로 표현되는 문자는 현재 코드 페이지(949)에서 표현할 수 없습니다.
  RobotExp_4Dlg.cpp
d:\projects\robotexp4_mon\robotexp_4\robotexp_4dlg.cpp(248): warning C4018: '<': signed 또는 unsigned가 일치하지 않습니다.
  코드를 생성하고 있습니다...
  RobotExp_4.vcxproj -> D:\projects\RobotExp4_mon\Debug\RobotExp_4.exe
